app/build/outputs/logs/manifest-merger-debug-report.txt
-- Merging decision tree log ---
manifest
ADDED from src/main/AndroidManifest.xml:2:1-41:12
	package
		ADDED from src/main/AndroidManifest.xml:4:5-29
		INJECTED from src/main/AndroidManifest.xml
		INJECTED from src/main/AndroidManifest.xml
	android:versionName
		ADDED from src/main/AndroidManifest.xml:6:5-30
		INJECTED from src/main/AndroidManifest.xml
		INJECTED from src/main/AndroidManifest.xml
	android:versionCode
		ADDED from src/main/AndroidManifest.xml:5:5-28
		INJECTED from src/main/AndroidManifest.xml
		INJECTED from src/main/AndroidManifest.xml
	xmlns:android
		ADDED from src/main/AndroidManifest.xml:2:11-69
uses-sdk
ADDED from src/main/AndroidManifest.xml:9:6-44
	android:targetSdkVersion
		INJECTED from src/main/AndroidManifest.xml
		INJECTED from src/main/AndroidManifest.xml
	android:minSdkVersion
		ADDED from src/main/AndroidManifest.xml:9:16-41
		INJECTED from src/main/AndroidManifest.xml
		INJECTED from src/main/AndroidManifest.xml
uses-permission#android.permission.INTERNET
ADDED from src/main/AndroidManifest.xml:11:5-66
	android:name
		ADDED from src/main/AndroidManifest.xml:11:22-64
application
ADDED from src/main/AndroidManifest.xml:15:5-39:19
	android:label
		ADDED from src/main/AndroidManifest.xml:18:9-41
	android:allowBackup
		ADDED from src/main/AndroidManifest.xml:16:9-35
	android:icon
		ADDED from src/main/AndroidManifest.xml:17:9-41
	android:theme
		ADDED from src/main/AndroidManifest.xml:19:9-67
activity#com.restaurant.LoginActivity
ADDED from src/main/AndroidManifest.xml:20:9-29:20
	android:screenOrientation
		ADDED from src/main/AndroidManifest.xml:21:13-49
	android:label
		ADDED from src/main/AndroidManifest.xml:23:13-45
	android:name
		ADDED from src/main/AndroidManifest.xml:22:13-42
intent-filter#android.intent.action.MAIN+android.intent.category.LAUNCHER
ADDED from src/main/AndroidManifest.xml:24:13-28:29
action#android.intent.action.MAIN
ADDED from src/main/AndroidManifest.xml:25:17-69
	android:name
		ADDED from src/main/AndroidManifest.xml:25:25-66
category#android.intent.category.LAUNCHER
ADDED from src/main/AndroidManifest.xml:27:17-77
	android:name
		ADDED from src/main/AndroidManifest.xml:27:27-74
activity#com.restaurant.custinfo
ADDED from src/main/AndroidManifest.xml:30:11-71
	android:name
		ADDED from src/main/AndroidManifest.xml:30:21-59
activity#com.restaurant.TimmyRestaurantActivity
ADDED from src/main/AndroidManifest.xml:31:9-70
	android:name
		ADDED from src/main/AndroidManifest.xml:31:19-58
activity#com.restaurant.InfoScreen
ADDED from src/main/AndroidManifest.xml:32:9-57
	android:name
		ADDED from src/main/AndroidManifest.xml:32:19-45
activity#com.restaurant.MenuScreen
ADDED from src/main/AndroidManifest.xml:33:9-57
	android:name
		ADDED from src/main/AndroidManifest.xml:33:19-45
activity#com.restaurant.OrderScreen
ADDED from src/main/AndroidManifest.xml:34:9-58
	android:name
		ADDED from src/main/AndroidManifest.xml:34:19-46
activity#com.restaurant.FindStore
ADDED from src/main/AndroidManifest.xml:35:9-56
	android:name
		ADDED from src/main/AndroidManifest.xml:35:19-44
activity#com.restaurant.OrderList
ADDED from src/main/AndroidManifest.xml:36:9-70
	android:name
		ADDED from src/main/AndroidManifest.xml:36:19-58
activity#com.restaurant.HelpGuide
ADDED from src/main/AndroidManifest.xml:38:9-56
	android:name
		ADDED from src/main/AndroidManifest.xml:38:19-44